<?xml version="1.0" encoding="UTF-8"?>
<!-- Generated by org.testng.reporters.JUnitReportReporter -->
<testsuite hostname="xiaoe-mbp" failures="0" tests="1" name="TestCases.EditerUnUtilisateur" time="69.777" errors="0" timestamp="2021-11-13T22:54:55 EST" skipped="0">
  <testcase classname="TestCases.EditerUnUtilisateur" name="TestEditerUnUtilisateur" time="69.777"/>
  <system-out/>
</testsuite> <!-- TestCases.EditerUnUtilisateur -->
