<?xml version="1.0" encoding="UTF-8"?>
<!-- Generated by org.testng.reporters.JUnitReportReporter -->
<testsuite hostname="xiaoe-mbp" failures="0" tests="1" name="TestCases.RejoindreSitePublic" time="96.019" errors="0" timestamp="2021-11-12T15:33:40 EST" skipped="0">
  <testcase classname="TestCases.RejoindreSitePublic" name="TestRejoindreSitePublic" time="96.019"/>
  <system-out/>
</testsuite> <!-- TestCases.RejoindreSitePublic -->
