<?xml version="1.0" encoding="UTF-8"?>
<!-- Generated by org.testng.reporters.JUnitReportReporter -->
<testsuite hostname="xiaoe-mbp" failures="0" tests="1" name="Keywords.ScriptKeywords" time="13.844" errors="0" timestamp="2021-11-03T15:56:48 EDT" skipped="0">
  <testcase classname="Keywords.ScriptKeywords" name="supprimerUneProprieteTest" time="13.844"/>
  <system-out/>
</testsuite> <!-- Keywords.ScriptKeywords -->
