<?xml version="1.0" encoding="UTF-8"?>
<!-- Generated by org.testng.reporters.JUnitReportReporter -->
<testsuite hostname="xiaoe-mbp" failures="0" tests="1" name="TestCases.ModifierFiltre" time="64.253" errors="0" timestamp="2021-11-10T21:48:28 EST" skipped="0">
  <testcase classname="TestCases.ModifierFiltre" name="TestModifierUnFiltre" time="64.253"/>
  <system-out/>
</testsuite> <!-- TestCases.ModifierFiltre -->
