<?xml version="1.0" encoding="UTF-8"?>
<!-- Generated by org.testng.reporters.JUnitReportReporter -->
<testsuite hostname="xiaoe-mbp" failures="0" tests="1" name="TestCases.AjouterUnTage" time="53.463" errors="0" timestamp="2021-11-12T15:36:15 EST" skipped="0">
  <testcase classname="TestCases.AjouterUnTage" name="TestAjouterUnTag" time="53.463"/>
  <system-out/>
</testsuite> <!-- TestCases.AjouterUnTage -->
