<?xml version="1.0" encoding="UTF-8"?>
<!-- Generated by org.testng.reporters.JUnitReportReporter -->
<testsuite hostname="xiaoe-mbp" failures="0" tests="1" name="TestCases.CreerUnNouveauLien" time="140.572" errors="0" timestamp="2021-11-17T15:44:02 EST" skipped="0">
  <testcase classname="TestCases.CreerUnNouveauLien" name="TestCreerUnNouveauLien" time="140.572"/>
  <system-out/>
</testsuite> <!-- TestCases.CreerUnNouveauLien -->
